<?xml version="1.0" encoding="UTF-8"?>
<!-- Generated by org.testng.reporters.JUnitReportReporter -->
<testsuite hostname="DESKTOP-V6M2FT0" failures="0" tests="2" name="com.test.testNG.TestRegisterPage" time="0.156" errors="0" timestamp="2024-11-07T14:19:04 PST" skipped="0">
  <testcase classname="com.test.testNG.TestRegisterPage" name="testPlaceholders" time="0.106">
    <system-out>
      <![CDATA[PlaceHolders verified!]]>
    </system-out>
  </testcase> <!-- testPlaceholders -->
  <testcase classname="com.test.testNG.TestRegisterPage" name="testHeaderMsg" time="0.050">
    <system-out>
      <![CDATA[Header retrieved from Page was: Welcome,Register]]>
    </system-out>
  </testcase> <!-- testHeaderMsg -->
  <system-out>
    <![CDATA[PlaceHolders verified!
Header retrieved from Page was: Welcome,Register]]>
  </system-out>
</testsuite> <!-- com.test.testNG.TestRegisterPage -->
