<?xml version="1.0" encoding="UTF-8"?>
<!-- Generated by org.testng.reporters.JUnitReportReporter -->
<testsuite hostname="DESKTOP-V6M2FT0" failures="0" tests="2" name="test.java.TestNGRegisterPageTest" time="0.993" errors="0" timestamp="2024-11-14T12:05:46 PST" skipped="0">
  <testcase classname="test.java.TestNGRegisterPageTest" name="testPlaceholders" time="0.633">
    <system-out>
      <![CDATA[PlaceHolders verified!]]>
    </system-out>
  </testcase> <!-- testPlaceholders -->
  <testcase classname="test.java.TestNGRegisterPageTest" name="testHeaderMsg" time="0.360">
    <system-out>
      <![CDATA[Header retrieved from Page was: Welcome,Register]]>
    </system-out>
  </testcase> <!-- testHeaderMsg -->
  <system-out>
    <![CDATA[Header retrieved from Page was: Welcome,Register
PlaceHolders verified!]]>
  </system-out>
</testsuite> <!-- test.java.TestNGRegisterPageTest -->
